MIF/HEX Update report for space_shooter
Wed Mar 27 17:42:47 2019
Quartus Prime Version 18.0.0 Build 614 04/24/2018 SJ Standard Edition


---------------------
; Table of Contents ;
---------------------
  1. Legal Notice
  2. MIF/HEX Update Summary
  3. MIF/HEX Update Processed Files
  4. MIF/HEX Update Messages



----------------
; Legal Notice ;
----------------
Copyright (C) 2018  Intel Corporation. All rights reserved.
Your use of Intel Corporation's design tools, logic functions 
and other software and tools, and its AMPP partner logic 
functions, and any output files from any of the foregoing 
(including device programming or simulation files), and any 
associated documentation or information are expressly subject 
to the terms and conditions of the Intel Program License 
Subscription Agreement, the Intel Quartus Prime License Agreement,
the Intel FPGA IP License Agreement, or other applicable license
agreement, including, without limitation, that your use is for
the sole purpose of programming logic devices manufactured by
Intel and sold by Intel or its authorized distributors.  Please
refer to the applicable agreement for further details.



+---------------------------------------------------------------+
; MIF/HEX Update Summary                                        ;
+-----------------------+---------------------------------------+
; MIF/HEX Update Status ; Successful - Wed Mar 27 17:42:47 2019 ;
; Revision Name         ; space_shooter                         ;
; Top-level Entity Name ; project                               ;
; Family                ; Cyclone V                             ;
; Device                ; 5CSEMA5F31C6                          ;
+-----------------------+---------------------------------------+


+------------------------------------------------------------+
; MIF/HEX Update Processed Files                             ;
+------------------------------------------------------------+
; File Name                                                  ;
+------------------------------------------------------------+
; //SRVB/Homes$/caorenke/Desktop/CRK/space_shooter/black.mif ;
; //SRVB/Homes$/caorenke/Desktop/CRK/space_shooter/ship.mif  ;
; //SRVB/Homes$/caorenke/Desktop/CRK/space_shooter/space.mif ;
; //SRVB/Homes$/caorenke/Desktop/CRK/space_shooter/star.mif  ;
+------------------------------------------------------------+


+-------------------------+
; MIF/HEX Update Messages ;
+-------------------------+
Info: *******************************************************************
Info: Running Quartus Prime MIF/HEX Update
    Info: Version 18.0.0 Build 614 04/24/2018 SJ Standard Edition
    Info: Processing started: Wed Mar 27 17:42:24 2019
Info: Command: quartus_cdb space_shooter -c space_shooter --update_mif
Warning (113016): Width of data items in "black.mif" is smaller than the memory width. Padding data items with 0 on MSB to fit in memory.  File: //SRVB/Homes$/caorenke/Desktop/CRK/space_shooter/black.mif Line: 7
Critical Warning (127005): Memory depth (76800) in the design file differs from memory depth (19200) in the Memory Initialization File "//SRVB/Homes$/caorenke/Desktop/CRK/space_shooter/black.mif" -- setting initial value for remaining addresses to 0
Critical Warning (127005): Memory depth (390) in the design file differs from memory depth (195) in the Memory Initialization File "//SRVB/Homes$/caorenke/Desktop/CRK/space_shooter/ship.mif" -- setting initial value for remaining addresses to 0
Info (39024): Processed the following Memory Initialization File(s)
    Info (39025): Processed Memory Initialization File //SRVB/Homes$/caorenke/Desktop/CRK/space_shooter/black.mif File: //SRVB/Homes$/caorenke/Desktop/CRK/space_shooter/black.mif Line: 0
    Info (39025): Processed Memory Initialization File //SRVB/Homes$/caorenke/Desktop/CRK/space_shooter/ship.mif File: //SRVB/Homes$/caorenke/Desktop/CRK/space_shooter/ship.mif Line: 0
    Info (39025): Processed Memory Initialization File //SRVB/Homes$/caorenke/Desktop/CRK/space_shooter/space.mif File: //SRVB/Homes$/caorenke/Desktop/CRK/space_shooter/space.mif Line: 0
    Info (39025): Processed Memory Initialization File //SRVB/Homes$/caorenke/Desktop/CRK/space_shooter/star.mif File: //SRVB/Homes$/caorenke/Desktop/CRK/space_shooter/star.mif Line: 0
Info: Quartus Prime MIF/HEX Update was successful. 0 errors, 3 warnings
    Info: Peak virtual memory: 785 megabytes
    Info: Processing ended: Wed Mar 27 17:42:48 2019
    Info: Elapsed time: 00:00:24
    Info: Total CPU time (on all processors): 00:00:07


